gpasm-1.4.0 #1106 (Oct  6 2014) obj\Debug\Tim   7-22-2019  15:28:48         PAGE  1


LOC    OBJECT CODE    LINE  SOURCE TEXT
  VALUE

                      00001 ;--------------------------------------------------------
                      00002 ; File Created by SDCC : free open source ANSI-C Compiler
                      00003 ; Version 3.5.0 #9253 (Jun 20 2015) (MINGW32)
                      00004 ; This file was generated Mon Jul 22 15:28:48 2019
                      00005 ;--------------------------------------------------------
                      00006 ; PIC port for the 14-bit core
                      00007 ;--------------------------------------------------------
                      00008         .file   "Timer.c"
                      00009         list    p=16f877a
                      00010         radix dec
                      00011         include "p16f877a.inc"
                      00001         LIST
                      00002 
                      00003 ;==========================================================================
                      00004 ; Build date : Aug 07 2014
                      00005 ;  MPASM PIC16F877A processor include
                      00006 ; 
                      00007 ;  (c) Copyright 1999-2014 Microchip Technology, All rights reserved
                      00008 ;==========================================================================
                      00009 
                      00567         LIST
                      00012 ;--------------------------------------------------------
                      00013 ; external declarations
                      00014 ;--------------------------------------------------------
  0000                00015         extern  _SW_Init
  0000                00016         extern  _SW_GetState
  0000                00017         extern  _SW_Update
  0000                00018         extern  _TIM_Init
  0000                00019         extern  _TIM_Update
  0000                00020         extern  _TIM_GetTime
  0000                00021         extern  _TIM_CompareTime
  0000                00022         extern  _TIM_GetState
  0000                00023         extern  _TIM_CopyTime
  0000                00024         extern  _DISP_Init
  0000                00025         extern  _DISP_Update
  0000                00026         extern  _SSD_Init
  0000                00027         extern  _SSD_Update
  0000                00028         extern  _SSD_SetValue
  0000                00029         extern  _SSD_GetValue
  0000                00030         extern  _SSD_GetState
  0000                00031         extern  _SSD_SetState
  0000                00032         extern  _SSD_SetDotState
  0000                00033         extern  _STATUSbits
  0000                00034         extern  _PORTAbits
  0000                00035         extern  _PORTBbits
  0000                00036         extern  _PORTCbits
  0000                00037         extern  _PORTDbits
  0000                00038         extern  _PORTEbits
  0000                00039         extern  _INTCONbits
  0000                00040         extern  _PIR1bits
  0000                00041         extern  _PIR2bits
  0000                00042         extern  _T1CONbits
  0000                00043         extern  _T2CONbits
gpasm-1.4.0 #1106 (Oct  6 2014) obj\Debug\Tim   7-22-2019  15:28:48         PAGE  2


LOC    OBJECT CODE    LINE  SOURCE TEXT
  VALUE

  0000                00044         extern  _SSPCONbits
  0000                00045         extern  _CCP1CONbits
  0000                00046         extern  _RCSTAbits
  0000                00047         extern  _CCP2CONbits
  0000                00048         extern  _ADCON0bits
  0000                00049         extern  _OPTION_REGbits
  0000                00050         extern  _TRISAbits
  0000                00051         extern  _TRISBbits
  0000                00052         extern  _TRISCbits
  0000                00053         extern  _TRISDbits
  0000                00054         extern  _TRISEbits
  0000                00055         extern  _PIE1bits
  0000                00056         extern  _PIE2bits
  0000                00057         extern  _PCONbits
  0000                00058         extern  _SSPCON2bits
  0000                00059         extern  _SSPSTATbits
  0000                00060         extern  _TXSTAbits
  0000                00061         extern  _CMCONbits
  0000                00062         extern  _CVRCONbits
  0000                00063         extern  _ADCON1bits
  0000                00064         extern  _EECON1bits
  0000                00065         extern  _flag
  0000                00066         extern  _INDF
  0000                00067         extern  _TMR0
  0000                00068         extern  _PCL
  0000                00069         extern  _STATUS
  0000                00070         extern  _FSR
  0000                00071         extern  _PORTA
  0000                00072         extern  _PORTB
  0000                00073         extern  _PORTC
  0000                00074         extern  _PORTD
  0000                00075         extern  _PORTE
  0000                00076         extern  _PCLATH
  0000                00077         extern  _INTCON
  0000                00078         extern  _PIR1
  0000                00079         extern  _PIR2
  0000                00080         extern  _TMR1
  0000                00081         extern  _TMR1L
  0000                00082         extern  _TMR1H
  0000                00083         extern  _T1CON
  0000                00084         extern  _TMR2
  0000                00085         extern  _T2CON
  0000                00086         extern  _SSPBUF
  0000                00087         extern  _SSPCON
  0000                00088         extern  _CCPR1
  0000                00089         extern  _CCPR1L
  0000                00090         extern  _CCPR1H
  0000                00091         extern  _CCP1CON
  0000                00092         extern  _RCSTA
  0000                00093         extern  _TXREG
  0000                00094         extern  _RCREG
  0000                00095         extern  _CCPR2
  0000                00096         extern  _CCPR2L
gpasm-1.4.0 #1106 (Oct  6 2014) obj\Debug\Tim   7-22-2019  15:28:48         PAGE  3


LOC    OBJECT CODE    LINE  SOURCE TEXT
  VALUE

  0000                00097         extern  _CCPR2H
  0000                00098         extern  _CCP2CON
  0000                00099         extern  _ADRESH
  0000                00100         extern  _ADCON0
  0000                00101         extern  _OPTION_REG
  0000                00102         extern  _TRISA
  0000                00103         extern  _TRISB
  0000                00104         extern  _TRISC
  0000                00105         extern  _TRISD
  0000                00106         extern  _TRISE
  0000                00107         extern  _PIE1
  0000                00108         extern  _PIE2
  0000                00109         extern  _PCON
  0000                00110         extern  _SSPCON2
  0000                00111         extern  _PR2
  0000                00112         extern  _SSPADD
  0000                00113         extern  _SSPSTAT
  0000                00114         extern  _TXSTA
  0000                00115         extern  _SPBRG
  0000                00116         extern  _CMCON
  0000                00117         extern  _CVRCON
  0000                00118         extern  _ADRESL
  0000                00119         extern  _ADCON1
  0000                00120         extern  _EEDATA
  0000                00121         extern  _EEADR
  0000                00122         extern  _EEDATH
  0000                00123         extern  _EEADRH
  0000                00124         extern  _EECON1
  0000                00125         extern  _EECON2
  0000                00126         extern  ___sdcc_saved_fsr
                      00127 
  0000                00128         extern PSAVE
  0000                00129         extern SSAVE
  0000                00130         extern WSAVE
  0000                00131         extern STK12
  0000                00132         extern STK11
  0000                00133         extern STK10
  0000                00134         extern STK09
  0000                00135         extern STK08
  0000                00136         extern STK07
  0000                00137         extern STK06
  0000                00138         extern STK05
  0000                00139         extern STK04
  0000                00140         extern STK03
  0000                00141         extern STK02
  0000                00142         extern STK01
  0000                00143         extern STK00
                      00144 ;--------------------------------------------------------
                      00145 ; global declarations
                      00146 ;--------------------------------------------------------
  0000                00147         global  _TMR_Update
  0000                00148         global  _TMR_Stop
  0000                00149         global  _TMR_CheckOverFlow
gpasm-1.4.0 #1106 (Oct  6 2014) obj\Debug\Tim   7-22-2019  15:28:48         PAGE  4


LOC    OBJECT CODE    LINE  SOURCE TEXT
  VALUE

  0000                00150         global  _TMR_Start
  0000                00151         global  _TMR_Init
                      00152 
                      00153 ;--------------------------------------------------------
                      00154 ; global definitions
                      00155 ;--------------------------------------------------------
                      00156 ;--------------------------------------------------------
                      00157 ; absolute symbol definitions
                      00158 ;--------------------------------------------------------
                      00159 ;--------------------------------------------------------
                      00160 ; compiler-defined variables
                      00161 ;--------------------------------------------------------
                      00162 UDL_Timer_0     udata
0000                  00163 r0x1001 res     1
0001                  00164 r0x1002 res     1
0002                  00165 r0x1003 res     1
                      00166 ;--------------------------------------------------------
                      00167 ; initialized data
                      00168 ;--------------------------------------------------------
                      00169 ;--------------------------------------------------------
                      00170 ; overlayable items in internal ram 
                      00171 ;--------------------------------------------------------
                      00172 ;       udata_ovr
                      00173 ;--------------------------------------------------------
                      00174 ; interrupt and initialization code
                      00175 ;--------------------------------------------------------
                      00176 c_interrupt     code    0x4
0004                  00177 __sdcc_interrupt
                      00178 ;***
                      00179 ;  pBlock Stats: dbName = I
                      00180 ;***
                      00181 ;entry:  _TMR_Update    ;Function start
                      00182 ; 0 exit points
                      00183 ;functions called:
                      00184 ;   _SSD_Update
                      00185 ;   _SW_Update
                      00186 ;   _TIM_Update
                      00187 ;   _DISP_Update
                      00188 ;   _SSD_Update
                      00189 ;   _SW_Update
                      00190 ;   _TIM_Update
                      00191 ;   _DISP_Update
                      00192 ;2 compiler assigned registers:
                      00193 ;   r0x1002
                      00194 ;   r0x1003
                      00195 ;; Starting pCode block
                      00196 ;;; /home/sdcc-builder/build/sdcc-build/orig/sdcc/src/pic14/gen.c:2316:resultRemat *{*
                      00197 ;;; /home/sdcc-builder/build/sdcc-build/orig/sdcc/src/pic14/gen.c:2760:genLabel *{*
                      00198 ;; ***  genLabel  2763
                      00199 ;;; /home/sdcc-builder/build/sdcc-build/orig/sdcc/src/pic14/gen.c:2316:resultRemat *{*
                      00200 ;;; /home/sdcc-builder/build/sdcc-build/orig/sdcc/src/pic14/gen.c:2340:genFunction *{*
                      00201 ;; ***  genFunction  2342 curr label offset=16previous max_key=0 
0004                  00202 _TMR_Update     ;Function start
gpasm-1.4.0 #1106 (Oct  6 2014) obj\Debug\Tim   7-22-2019  15:28:48         PAGE  5


LOC    OBJECT CODE    LINE  SOURCE TEXT
  VALUE

                      00203 ; 0 exit points
                      00204 ;; >>> /home/sdcc-builder/build/sdcc-build/orig/sdcc/src/pic14/gen.c:2407:genFunction
                      00205         .line   40; "Timer.c"   void TMR_Update(void) __interrupt 0
0004   00??           00206         MOVWF   WSAVE
                      00207 ;; >>> /home/sdcc-builder/build/sdcc-build/orig/sdcc/src/pic14/gen.c:2408:genFunction
0005   0E03           00208         SWAPF   STATUS,W
                      00209 ;; >>> /home/sdcc-builder/build/sdcc-build/orig/sdcc/src/pic14/gen.c:2413:genFunction
0006   0183           00210         CLRF    STATUS
                      00211 ;; >>> /home/sdcc-builder/build/sdcc-build/orig/sdcc/src/pic14/gen.c:2414:genFunction
0007   00??           00212         MOVWF   SSAVE
                      00213 ;; >>> /home/sdcc-builder/build/sdcc-build/orig/sdcc/src/pic14/gen.c:2416:genFunction
0008   080A           00214         MOVF    PCLATH,W
                      00215 ;; >>> /home/sdcc-builder/build/sdcc-build/orig/sdcc/src/pic14/gen.c:2418:genFunction
0009   018A           00216         CLRF    PCLATH
                      00217 ;; >>> /home/sdcc-builder/build/sdcc-build/orig/sdcc/src/pic14/gen.c:2419:genFunction
000A   00??           00218         MOVWF   PSAVE
                      00219 ;; >>> /home/sdcc-builder/build/sdcc-build/orig/sdcc/src/pic14/gen.c:2421:genFunction
000B   0804           00220         MOVF    FSR,W
                      00221 ;; >>> /home/sdcc-builder/build/sdcc-build/orig/sdcc/src/pic14/gen.c:2422:genFunction
000C   ???? ????      00222         BANKSEL ___sdcc_saved_fsr
000E   00??           00223         MOVWF   ___sdcc_saved_fsr
                      00224 ;;; /home/sdcc-builder/build/sdcc-build/orig/sdcc/src/pic14/gen.c:2316:resultRemat *{*
                      00225 ;;; /home/sdcc-builder/build/sdcc-build/orig/sdcc/src/pic14/gen.c:2316:resultRemat *{*
                      00226 ;;; /home/sdcc-builder/build/sdcc-build/orig/sdcc/src/pic14/gen.c:6686:genPointerSet *{*
                      00227 ;; ***  genPointerSet  6687
                      00228 ;;; /home/sdcc-builder/build/sdcc-build/orig/sdcc/src/pic14/gen.c:6505:genNearPointerSet *{*
                      00229 ;; ***  genNearPointerSet  6506
                      00230 ;;      613
                      00231 ;;      aopForRemat 392
                      00232 ;;      418: rname _INTCONbits, val 0, const = 0
                      00233 ;; ***  genNearPointerSet  6521
                      00234 ;;      833: aopGet AOP_PCODE type PO_IMMEDIATE
                      00235 ;;      _INTCONbits
                      00236 ;;      line = 6523 result AOP_PCODE=_INTCONbits, size=2, left -=-, size=0, right AOP_LIT=0x00, size=1
                      00237 ;;; /home/sdcc-builder/build/sdcc-build/orig/sdcc/src/pic14/gen.c:6249:genPackBits *{*
                      00238 ;; ***  genPackBits  6250
                      00239 ;;      833: aopGet AOP_PCODE type PO_IMMEDIATE
                      00240 ;;      _INTCONbits
                      00241 ;; >>> /home/sdcc-builder/build/sdcc-build/orig/sdcc/src/pic14/gen.c:6275:genPackBits
                      00242         .line   48; "Timer.c"   TMR_CLEAR_FLAG;
000F   ???? ????      00243         BANKSEL _INTCONbits
0011   11??           00244         BCF     _INTCONbits,2
                      00245 ;;; /home/sdcc-builder/build/sdcc-build/orig/sdcc/src/pic14/gen.c:2316:resultRemat *{*
                      00246 ;;; /home/sdcc-builder/build/sdcc-build/orig/sdcc/src/pic14/gen.c:6927:genAssign *{*
                      00247 ;; ***  genAssign  6928
                      00248 ;; ***  aopForSym 315
                      00249 ;;      327 sym->rname = _TMR0, size = 1
                      00250 ;;      line = 6937 result AOP_DIR=_TMR0, size=1, left -=-, size=0, right AOP_LIT=0xd8, size=1
                      00251 ;; ***  genAssign  7023
                      00252 ;; >>> /home/sdcc-builder/build/sdcc-build/orig/sdcc/src/pic14/gen.c:7030:genAssign
                      00253         .line   49; "Timer.c"   TMR_UPDATE_REGISTER(TMR_TICK_MS);
0012   30D8           00254         MOVLW   0xd8
                      00255 ;; >>> /home/sdcc-builder/build/sdcc-build/orig/sdcc/src/pic14/gen.c:7032:genAssign
gpasm-1.4.0 #1106 (Oct  6 2014) obj\Debug\Tim   7-22-2019  15:28:48         PAGE  6


LOC    OBJECT CODE    LINE  SOURCE TEXT
  VALUE

                      00256 ;;      1009
                      00257 ;;      1028  _TMR0   offset=0
0013   00??           00258         MOVWF   _TMR0
                      00259 ;;; /home/sdcc-builder/build/sdcc-build/orig/sdcc/src/pic14/gen.c:2316:resultRemat *{*
                      00260 ;;; /home/sdcc-builder/build/sdcc-build/orig/sdcc/src/pic14/gen.c:2316:resultRemat *{*
                      00261 ;;; /home/sdcc-builder/build/sdcc-build/orig/sdcc/src/pic14/gen.c:2316:resultRemat *{*
                      00262 ;;; /home/sdcc-builder/build/sdcc-build/orig/sdcc/src/pic14/gen.c:6162:genPointerGet *{*
                      00263 ;; ***  genPointerGet  6163
                      00264 ;;; /home/sdcc-builder/build/sdcc-build/orig/sdcc/src/pic14/gen.c:5944:genNearPointerGet *{*
                      00265 ;; ***  genNearPointerGet  5945
                      00266 ;;      613
                      00267 ;;      aopForRemat 392
                      00268 ;;      418: rname _PORTCbits, val 0, const = 0
                      00269 ;; ***  genNearPointerGet  5961
                      00270 ;;      694 register type nRegs=1
                      00271 ;;; /home/sdcc-builder/build/sdcc-build/orig/sdcc/src/pic14/gen.c:5760:genUnpackBits *{*
                      00272 ;; ***  genUnpackBits  5761
                      00273 ;; >>> /home/sdcc-builder/build/sdcc-build/orig/sdcc/src/pic14/gen.c:5799:genUnpackBits
                      00274 ;;      1109 rIdx = r0x1049 
                      00275         .line   51; "Timer.c"   RC7 = 1 ^ RC7;
0014   ???? ????      00276         BANKSEL r0x1002
0016   01??           00277         CLRF    r0x1002
                      00278 ;; >>> /home/sdcc-builder/build/sdcc-build/orig/sdcc/src/pic14/gen.c:5805:genUnpackBits
                      00279 ;;      833: aopGet AOP_PCODE type PO_IMMEDIATE
                      00280 ;;      _PORTCbits
0017   ???? ????      00281         BANKSEL _PORTCbits
0019   1F??           00282         BTFSS   _PORTCbits,7
001A   2???           00283         GOTO    _00002_DS_
                      00284 ;; >>> /home/sdcc-builder/build/sdcc-build/orig/sdcc/src/pic14/gen.c:5835:genUnpackBits
                      00285 ;;      1109 rIdx = r0x1049 
001B   ???? ????      00286         BANKSEL r0x1002
001D   0A??           00287         INCF    r0x1002,F
                      00288 ;; ***  addSign  861
                      00289 ;;; /home/sdcc-builder/build/sdcc-build/orig/sdcc/src/pic14/genarith.c:862:addSign *{*
                      00290 ;;; /home/sdcc-builder/build/sdcc-build/orig/sdcc/src/pic14/gen.c:2316:resultRemat *{*
                      00291 ;;; /home/sdcc-builder/build/sdcc-build/orig/sdcc/src/pic14/gen.c:7120:genCast *{*
                      00292 ;; ***  genCast  7121
                      00293 ;;      694 register type nRegs=1
                      00294 ;;      694 register type nRegs=1
                      00295 ;;      line = 7129 result AOP_REG=r0x104A, size=1, left -=-, size=0, right AOP_REG=r0x1049, size=1
                      00296 ;; ***  genCast  7253
                      00297 ;; >>> /home/sdcc-builder/build/sdcc-build/orig/sdcc/src/pic14/gen.c:7277:genCast
                      00298 ;;      1109 rIdx = r0x1049 
001E                  00299 _00002_DS_
001E   ???? ????      00300         BANKSEL r0x1002
0020   08??           00301         MOVF    r0x1002,W
                      00302 ;; >>> /home/sdcc-builder/build/sdcc-build/orig/sdcc/src/pic14/gen.c:7278:genCast
                      00303 ;;      1109 rIdx = r0x104A 
0021   00??           00304         MOVWF   r0x1003
                      00305 ;;; /home/sdcc-builder/build/sdcc-build/orig/sdcc/src/pic14/gen.c:2316:resultRemat *{*
                      00306 ;;; /home/sdcc-builder/build/sdcc-build/orig/sdcc/src/pic14/gen.c:4501:genXor *{*
                      00307 ;; ***  genXor  4502
                      00308 ;;      694 register type nRegs=1
gpasm-1.4.0 #1106 (Oct  6 2014) obj\Debug\Tim   7-22-2019  15:28:48         PAGE  7


LOC    OBJECT CODE    LINE  SOURCE TEXT
  VALUE

                      00309 ;;      694 register type nRegs=1
                      00310 ;; >>> /home/sdcc-builder/build/sdcc-build/orig/sdcc/src/pic14/gen.c:4708:genXor
0022   3001           00311         MOVLW   0x01
                      00312 ;; >>> /home/sdcc-builder/build/sdcc-build/orig/sdcc/src/pic14/gen.c:4709:genXor
                      00313 ;;      1109 rIdx = r0x104A 
0023   06??           00314         XORWF   r0x1003,W
                      00315 ;; >>> /home/sdcc-builder/build/sdcc-build/orig/sdcc/src/pic14/gen.c:4710:genXor
                      00316 ;;      1109 rIdx = r0x1049 
0024   00??           00317         MOVWF   r0x1002
0025   00??           00318         MOVWF   r0x1003
                      00319 ;;; /home/sdcc-builder/build/sdcc-build/orig/sdcc/src/pic14/gen.c:2316:resultRemat *{*
                      00320 ;;; /home/sdcc-builder/build/sdcc-build/orig/sdcc/src/pic14/gen.c:6686:genPointerSet *{*
                      00321 ;; ***  genPointerSet  6687
                      00322 ;;; /home/sdcc-builder/build/sdcc-build/orig/sdcc/src/pic14/gen.c:6505:genNearPointerSet *{*
                      00323 ;; ***  genNearPointerSet  6506
                      00324 ;;      613
                      00325 ;;      aopForRemat 392
                      00326 ;;      418: rname _PORTCbits, val 0, const = 0
                      00327 ;; ***  genNearPointerSet  6521
                      00328 ;;      694 register type nRegs=1
                      00329 ;;      833: aopGet AOP_PCODE type PO_IMMEDIATE
                      00330 ;;      _PORTCbits
                      00331 ;;      line = 6523 result AOP_PCODE=_PORTCbits, size=2, left -=-, size=0, right AOP_REG=r0x104A, size=1
                      00332 ;;; /home/sdcc-builder/build/sdcc-build/orig/sdcc/src/pic14/gen.c:6249:genPackBits *{*
                      00333 ;; ***  genPackBits  6250
                      00334 ;; >>> /home/sdcc-builder/build/sdcc-build/orig/sdcc/src/pic14/gen.c:6354:genPackBits
                      00335 ;;      1109 rIdx = r0x104A 
0026   0C??           00336         RRF     r0x1003,W
                      00337 ;; >>> /home/sdcc-builder/build/sdcc-build/orig/sdcc/src/pic14/gen.c:6355:genPackBits
0027   1803           00338         BTFSC   STATUS,0
0028   2???           00339         GOTO    _00003_DS_
                      00340 ;; >>> /home/sdcc-builder/build/sdcc-build/orig/sdcc/src/pic14/gen.c:6356:genPackBits
                      00341 ;;      833: aopGet AOP_PCODE type PO_IMMEDIATE
                      00342 ;;      _PORTCbits
0029   ???? ????      00343         BANKSEL _PORTCbits
002B   13??           00344         BCF     _PORTCbits,7
                      00345 ;; >>> /home/sdcc-builder/build/sdcc-build/orig/sdcc/src/pic14/gen.c:6357:genPackBits
002C                  00346 _00003_DS_
002C   1C03           00347         BTFSS   STATUS,0
002D   2???           00348         GOTO    _00004_DS_
                      00349 ;; >>> /home/sdcc-builder/build/sdcc-build/orig/sdcc/src/pic14/gen.c:6358:genPackBits
                      00350 ;;      833: aopGet AOP_PCODE type PO_IMMEDIATE
                      00351 ;;      _PORTCbits
002E   ???? ????      00352         BANKSEL _PORTCbits
0030   17??           00353         BSF     _PORTCbits,7
                      00354 ;;; /home/sdcc-builder/build/sdcc-build/orig/sdcc/src/pic14/gen.c:2316:resultRemat *{*
                      00355 ;;; /home/sdcc-builder/build/sdcc-build/orig/sdcc/src/pic14/gen.c:2086:genCall *{*
                      00356 ;; ***  genCall  2088
                      00357 ;;; /home/sdcc-builder/build/sdcc-build/orig/sdcc/src/pic14/gen.c:1801:saveRegisters *{*
                      00358 ;; ***  saveRegisters  1803
                      00359 ;; >>> /home/sdcc-builder/build/sdcc-build/orig/sdcc/src/pic14/gen.c:2173:genCall
0031                  00360 _00004_DS_
                      00361         .line   52; "Timer.c"   SSD_Update();
gpasm-1.4.0 #1106 (Oct  6 2014) obj\Debug\Tim   7-22-2019  15:28:48         PAGE  8


LOC    OBJECT CODE    LINE  SOURCE TEXT
  VALUE

0031   ???? ????      00362         PAGESEL _SSD_Update
                      00363 ;; >>> /home/sdcc-builder/build/sdcc-build/orig/sdcc/src/pic14/gen.c:2175:genCall
0033   2???           00364         CALL    _SSD_Update
                      00365 ;; >>> /home/sdcc-builder/build/sdcc-build/orig/sdcc/src/pic14/gen.c:2181:genCall
0034   ???? ????      00366         PAGESEL $
                      00367 ;;; /home/sdcc-builder/build/sdcc-build/orig/sdcc/src/pic14/gen.c:1845:unsaveRegisters *{*
                      00368 ;; ***  unsaveRegisters  1847
                      00369 ;;; /home/sdcc-builder/build/sdcc-build/orig/sdcc/src/pic14/gen.c:2316:resultRemat *{*
                      00370 ;;; /home/sdcc-builder/build/sdcc-build/orig/sdcc/src/pic14/gen.c:2086:genCall *{*
                      00371 ;; ***  genCall  2088
                      00372 ;;; /home/sdcc-builder/build/sdcc-build/orig/sdcc/src/pic14/gen.c:1801:saveRegisters *{*
                      00373 ;; ***  saveRegisters  1803
                      00374 ;; >>> /home/sdcc-builder/build/sdcc-build/orig/sdcc/src/pic14/gen.c:2173:genCall
                      00375         .line   53; "Timer.c"   SW_Update();
0036   ???? ????      00376         PAGESEL _SW_Update
                      00377 ;; >>> /home/sdcc-builder/build/sdcc-build/orig/sdcc/src/pic14/gen.c:2175:genCall
0038   2???           00378         CALL    _SW_Update
                      00379 ;; >>> /home/sdcc-builder/build/sdcc-build/orig/sdcc/src/pic14/gen.c:2181:genCall
0039   ???? ????      00380         PAGESEL $
                      00381 ;;; /home/sdcc-builder/build/sdcc-build/orig/sdcc/src/pic14/gen.c:1845:unsaveRegisters *{*
                      00382 ;; ***  unsaveRegisters  1847
                      00383 ;;; /home/sdcc-builder/build/sdcc-build/orig/sdcc/src/pic14/gen.c:2316:resultRemat *{*
                      00384 ;;; /home/sdcc-builder/build/sdcc-build/orig/sdcc/src/pic14/gen.c:2086:genCall *{*
                      00385 ;; ***  genCall  2088
                      00386 ;;; /home/sdcc-builder/build/sdcc-build/orig/sdcc/src/pic14/gen.c:1801:saveRegisters *{*
                      00387 ;; ***  saveRegisters  1803
                      00388 ;; >>> /home/sdcc-builder/build/sdcc-build/orig/sdcc/src/pic14/gen.c:2173:genCall
                      00389         .line   54; "Timer.c"   TIM_Update();
003B   ???? ????      00390         PAGESEL _TIM_Update
                      00391 ;; >>> /home/sdcc-builder/build/sdcc-build/orig/sdcc/src/pic14/gen.c:2175:genCall
003D   2???           00392         CALL    _TIM_Update
                      00393 ;; >>> /home/sdcc-builder/build/sdcc-build/orig/sdcc/src/pic14/gen.c:2181:genCall
003E   ???? ????      00394         PAGESEL $
                      00395 ;;; /home/sdcc-builder/build/sdcc-build/orig/sdcc/src/pic14/gen.c:1845:unsaveRegisters *{*
                      00396 ;; ***  unsaveRegisters  1847
                      00397 ;;; /home/sdcc-builder/build/sdcc-build/orig/sdcc/src/pic14/gen.c:2316:resultRemat *{*
                      00398 ;;; /home/sdcc-builder/build/sdcc-build/orig/sdcc/src/pic14/gen.c:2086:genCall *{*
                      00399 ;; ***  genCall  2088
                      00400 ;;; /home/sdcc-builder/build/sdcc-build/orig/sdcc/src/pic14/gen.c:1801:saveRegisters *{*
                      00401 ;; ***  saveRegisters  1803
                      00402 ;; >>> /home/sdcc-builder/build/sdcc-build/orig/sdcc/src/pic14/gen.c:2173:genCall
                      00403         .line   55; "Timer.c"   DISP_Update();
0040   ???? ????      00404         PAGESEL _DISP_Update
                      00405 ;; >>> /home/sdcc-builder/build/sdcc-build/orig/sdcc/src/pic14/gen.c:2175:genCall
0042   2???           00406         CALL    _DISP_Update
                      00407 ;; >>> /home/sdcc-builder/build/sdcc-build/orig/sdcc/src/pic14/gen.c:2181:genCall
0043   ???? ????      00408         PAGESEL $
                      00409 ;;; /home/sdcc-builder/build/sdcc-build/orig/sdcc/src/pic14/gen.c:1845:unsaveRegisters *{*
                      00410 ;; ***  unsaveRegisters  1847
                      00411 ;;; /home/sdcc-builder/build/sdcc-build/orig/sdcc/src/pic14/gen.c:2316:resultRemat *{*
                      00412 ;;; /home/sdcc-builder/build/sdcc-build/orig/sdcc/src/pic14/gen.c:2760:genLabel *{*
                      00413 ;; ***  genLabel  2763
                      00414 ;;; /home/sdcc-builder/build/sdcc-build/orig/sdcc/src/pic14/gen.c:2316:resultRemat *{*
gpasm-1.4.0 #1106 (Oct  6 2014) obj\Debug\Tim   7-22-2019  15:28:48         PAGE  9


LOC    OBJECT CODE    LINE  SOURCE TEXT
  VALUE

                      00415 ;;; /home/sdcc-builder/build/sdcc-build/orig/sdcc/src/pic14/gen.c:2528:genEndFunction *{*
                      00416 ;; ***  genEndFunction  2530
                      00417 ;;; /home/sdcc-builder/build/sdcc-build/orig/sdcc/src/pic14/gen.c:2023:unsaverbank *{*
                      00418 ;; ***  unsaverbank  2025 - WARNING no code generated
                      00419 ;; >>> /home/sdcc-builder/build/sdcc-build/orig/sdcc/src/pic14/gen.c:2622:genEndFunction
0045   ???? ????      00420         BANKSEL ___sdcc_saved_fsr
0047   08??           00421         MOVF    ___sdcc_saved_fsr,W
                      00422 ;; >>> /home/sdcc-builder/build/sdcc-build/orig/sdcc/src/pic14/gen.c:2623:genEndFunction
0048   1283 1303      00423         BANKSEL FSR
004A   0084           00424         MOVWF   FSR
                      00425 ;; >>> /home/sdcc-builder/build/sdcc-build/orig/sdcc/src/pic14/gen.c:2625:genEndFunction
004B   08??           00426         MOVF    PSAVE,W
                      00427 ;; >>> /home/sdcc-builder/build/sdcc-build/orig/sdcc/src/pic14/gen.c:2626:genEndFunction
004C   008A           00428         MOVWF   PCLATH
                      00429 ;; >>> /home/sdcc-builder/build/sdcc-build/orig/sdcc/src/pic14/gen.c:2627:genEndFunction
004D   0183           00430         CLRF    STATUS
                      00431 ;; >>> /home/sdcc-builder/build/sdcc-build/orig/sdcc/src/pic14/gen.c:2629:genEndFunction
004E   0E??           00432         SWAPF   SSAVE,W
                      00433 ;; >>> /home/sdcc-builder/build/sdcc-build/orig/sdcc/src/pic14/gen.c:2630:genEndFunction
004F   0083           00434         MOVWF   STATUS
                      00435 ;; >>> /home/sdcc-builder/build/sdcc-build/orig/sdcc/src/pic14/gen.c:2631:genEndFunction
0050   0E??           00436         SWAPF   WSAVE,F
                      00437 ;; >>> /home/sdcc-builder/build/sdcc-build/orig/sdcc/src/pic14/gen.c:2632:genEndFunction
0051   0E??           00438         SWAPF   WSAVE,W
0052                  00439 END_OF_INTERRUPT
0052   0009           00440         RETFIE  
                      00441 
                      00442 ;--------------------------------------------------------
                      00443 ; code
                      00444 ;--------------------------------------------------------
                      00445 code_Timer      code
                      00446 ;***
                      00447 ;  pBlock Stats: dbName = C
                      00448 ;***
                      00449 ;entry:  _TMR_Stop      ;Function start
                      00450 ; 2 exit points
                      00451 ;has an exit
                      00452 ;; Starting pCode block
                      00453 ;;; /home/sdcc-builder/build/sdcc-build/orig/sdcc/src/pic14/gen.c:2316:resultRemat *{*
                      00454 ;;; /home/sdcc-builder/build/sdcc-build/orig/sdcc/src/pic14/gen.c:2760:genLabel *{*
                      00455 ;; ***  genLabel  2763
                      00456 ;;; /home/sdcc-builder/build/sdcc-build/orig/sdcc/src/pic14/gen.c:2316:resultRemat *{*
                      00457 ;;; /home/sdcc-builder/build/sdcc-build/orig/sdcc/src/pic14/gen.c:2340:genFunction *{*
                      00458 ;; ***  genFunction  2342 curr label offset=12previous max_key=0 
0000                  00459 _TMR_Stop       ;Function start
                      00460 ; 2 exit points
                      00461 ;;; /home/sdcc-builder/build/sdcc-build/orig/sdcc/src/pic14/gen.c:2316:resultRemat *{*
                      00462 ;;; /home/sdcc-builder/build/sdcc-build/orig/sdcc/src/pic14/gen.c:2316:resultRemat *{*
                      00463 ;;; /home/sdcc-builder/build/sdcc-build/orig/sdcc/src/pic14/gen.c:6686:genPointerSet *{*
                      00464 ;; ***  genPointerSet  6687
                      00465 ;;; /home/sdcc-builder/build/sdcc-build/orig/sdcc/src/pic14/gen.c:6505:genNearPointerSet *{*
                      00466 ;; ***  genNearPointerSet  6506
                      00467 ;;      613
gpasm-1.4.0 #1106 (Oct  6 2014) obj\Debug\Tim   7-22-2019  15:28:48         PAGE 10


LOC    OBJECT CODE    LINE  SOURCE TEXT
  VALUE

                      00468 ;;      aopForRemat 392
                      00469 ;;      418: rname _OPTION_REGbits, val 0, const = 0
                      00470 ;; ***  genNearPointerSet  6521
                      00471 ;;      833: aopGet AOP_PCODE type PO_IMMEDIATE
                      00472 ;;      _OPTION_REGbits
                      00473 ;;      line = 6523 result AOP_PCODE=_OPTION_REGbits, size=2, left -=-, size=0, right AOP_LIT=0x01, size
                            =1
                      00474 ;;; /home/sdcc-builder/build/sdcc-build/orig/sdcc/src/pic14/gen.c:6249:genPackBits *{*
                      00475 ;; ***  genPackBits  6250
                      00476 ;;      833: aopGet AOP_PCODE type PO_IMMEDIATE
                      00477 ;;      _OPTION_REGbits
                      00478 ;; >>> /home/sdcc-builder/build/sdcc-build/orig/sdcc/src/pic14/gen.c:6275:genPackBits
                      00479         .line   36; "Timer.c"   TMR_DISABLE_CLOCK;
0000   ???? ????      00480         BANKSEL _OPTION_REGbits
0002   16??           00481         BSF     _OPTION_REGbits,5
                      00482 ;;; /home/sdcc-builder/build/sdcc-build/orig/sdcc/src/pic14/gen.c:2316:resultRemat *{*
                      00483 ;;; /home/sdcc-builder/build/sdcc-build/orig/sdcc/src/pic14/gen.c:2760:genLabel *{*
                      00484 ;; ***  genLabel  2763
                      00485 ;;; /home/sdcc-builder/build/sdcc-build/orig/sdcc/src/pic14/gen.c:2316:resultRemat *{*
                      00486 ;;; /home/sdcc-builder/build/sdcc-build/orig/sdcc/src/pic14/gen.c:2528:genEndFunction *{*
                      00487 ;; ***  genEndFunction  2530
0003   0008           00488         RETURN  
                      00489 ; exit point of _TMR_Stop
                      00490 ;;; /home/sdcc-builder/build/sdcc-build/orig/sdcc/src/pic14/gen.c:7426:genpic14Code *{*
                      00491 
                      00492 ;***
                      00493 ;  pBlock Stats: dbName = C
                      00494 ;***
                      00495 ;entry:  _TMR_CheckOverFlow     ;Function start
                      00496 ; 2 exit points
                      00497 ;has an exit
                      00498 ;1 compiler assigned register :
                      00499 ;   r0x1001
                      00500 ;; Starting pCode block
                      00501 ;;; /home/sdcc-builder/build/sdcc-build/orig/sdcc/src/pic14/gen.c:2316:resultRemat *{*
                      00502 ;;; /home/sdcc-builder/build/sdcc-build/orig/sdcc/src/pic14/gen.c:2760:genLabel *{*
                      00503 ;; ***  genLabel  2763
                      00504 ;;; /home/sdcc-builder/build/sdcc-build/orig/sdcc/src/pic14/gen.c:2316:resultRemat *{*
                      00505 ;;; /home/sdcc-builder/build/sdcc-build/orig/sdcc/src/pic14/gen.c:2340:genFunction *{*
                      00506 ;; ***  genFunction  2342 curr label offset=8previous max_key=0 
0004                  00507 _TMR_CheckOverFlow      ;Function start
                      00508 ; 2 exit points
                      00509 ;;; /home/sdcc-builder/build/sdcc-build/orig/sdcc/src/pic14/gen.c:2316:resultRemat *{*
                      00510 ;;; /home/sdcc-builder/build/sdcc-build/orig/sdcc/src/pic14/gen.c:2316:resultRemat *{*
                      00511 ;;; /home/sdcc-builder/build/sdcc-build/orig/sdcc/src/pic14/gen.c:6162:genPointerGet *{*
                      00512 ;; ***  genPointerGet  6163
                      00513 ;;; /home/sdcc-builder/build/sdcc-build/orig/sdcc/src/pic14/gen.c:5944:genNearPointerGet *{*
                      00514 ;; ***  genNearPointerGet  5945
                      00515 ;;      613
                      00516 ;;      aopForRemat 392
                      00517 ;;      418: rname _INTCONbits, val 0, const = 0
                      00518 ;; ***  genNearPointerGet  5961
                      00519 ;;      694 register type nRegs=1
gpasm-1.4.0 #1106 (Oct  6 2014) obj\Debug\Tim   7-22-2019  15:28:48         PAGE 11


LOC    OBJECT CODE    LINE  SOURCE TEXT
  VALUE

                      00520 ;;; /home/sdcc-builder/build/sdcc-build/orig/sdcc/src/pic14/gen.c:5760:genUnpackBits *{*
                      00521 ;; ***  genUnpackBits  5761
                      00522 ;; >>> /home/sdcc-builder/build/sdcc-build/orig/sdcc/src/pic14/gen.c:5799:genUnpackBits
                      00523 ;;      1109 rIdx = r0x1048 
                      00524         .line   30; "Timer.c"   return TMR_GET_FLAG;
0004   ???? ????      00525         BANKSEL r0x1001
0006   01??           00526         CLRF    r0x1001
                      00527 ;; >>> /home/sdcc-builder/build/sdcc-build/orig/sdcc/src/pic14/gen.c:5805:genUnpackBits
                      00528 ;;      833: aopGet AOP_PCODE type PO_IMMEDIATE
                      00529 ;;      _INTCONbits
0007   ???? ????      00530         BANKSEL _INTCONbits
0009   1D??           00531         BTFSS   _INTCONbits,2
000A   2???           00532         GOTO    _00001_DS_
                      00533 ;; >>> /home/sdcc-builder/build/sdcc-build/orig/sdcc/src/pic14/gen.c:5835:genUnpackBits
                      00534 ;;      1109 rIdx = r0x1048 
000B   ???? ????      00535         BANKSEL r0x1001
000D   0A??           00536         INCF    r0x1001,F
                      00537 ;; ***  addSign  861
                      00538 ;;; /home/sdcc-builder/build/sdcc-build/orig/sdcc/src/pic14/genarith.c:862:addSign *{*
                      00539 ;;; /home/sdcc-builder/build/sdcc-build/orig/sdcc/src/pic14/gen.c:2316:resultRemat *{*
                      00540 ;;; /home/sdcc-builder/build/sdcc-build/orig/sdcc/src/pic14/gen.c:2683:genRet *{*
                      00541 ;; ***  genRet  2685
                      00542 ;;      694 register type nRegs=1
                      00543 ;;; /home/sdcc-builder/build/sdcc-build/orig/sdcc/src/pic14/gen.c:1343:mov2w_op *{*
                      00544 ;; ***  mov2w  1381  offset=0
                      00545 ;; >>> /home/sdcc-builder/build/sdcc-build/orig/sdcc/src/pic14/gen.c:1386:mov2w
                      00546 ;;      1109 rIdx = r0x1048 
000E                  00547 _00001_DS_
000E   ???? ????      00548         BANKSEL r0x1001
0010   08??           00549         MOVF    r0x1001,W
                      00550 ;;; /home/sdcc-builder/build/sdcc-build/orig/sdcc/src/pic14/gen.c:2316:resultRemat *{*
                      00551 ;;; /home/sdcc-builder/build/sdcc-build/orig/sdcc/src/pic14/gen.c:2760:genLabel *{*
                      00552 ;; ***  genLabel  2763
                      00553 ;;; /home/sdcc-builder/build/sdcc-build/orig/sdcc/src/pic14/gen.c:2316:resultRemat *{*
                      00554 ;;; /home/sdcc-builder/build/sdcc-build/orig/sdcc/src/pic14/gen.c:2528:genEndFunction *{*
                      00555 ;; ***  genEndFunction  2530
0011   0008           00556         RETURN  
                      00557 ; exit point of _TMR_CheckOverFlow
                      00558 ;;; /home/sdcc-builder/build/sdcc-build/orig/sdcc/src/pic14/gen.c:7426:genpic14Code *{*
                      00559 
                      00560 ;***
                      00561 ;  pBlock Stats: dbName = C
                      00562 ;***
                      00563 ;entry:  _TMR_Start     ;Function start
                      00564 ; 2 exit points
                      00565 ;has an exit
                      00566 ;; Starting pCode block
                      00567 ;;; /home/sdcc-builder/build/sdcc-build/orig/sdcc/src/pic14/gen.c:2316:resultRemat *{*
                      00568 ;;; /home/sdcc-builder/build/sdcc-build/orig/sdcc/src/pic14/gen.c:2760:genLabel *{*
                      00569 ;; ***  genLabel  2763
                      00570 ;;; /home/sdcc-builder/build/sdcc-build/orig/sdcc/src/pic14/gen.c:2316:resultRemat *{*
                      00571 ;;; /home/sdcc-builder/build/sdcc-build/orig/sdcc/src/pic14/gen.c:2340:genFunction *{*
                      00572 ;; ***  genFunction  2342 curr label offset=4previous max_key=0 
gpasm-1.4.0 #1106 (Oct  6 2014) obj\Debug\Tim   7-22-2019  15:28:48         PAGE 12


LOC    OBJECT CODE    LINE  SOURCE TEXT
  VALUE

0012                  00573 _TMR_Start      ;Function start
                      00574 ; 2 exit points
                      00575 ;;; /home/sdcc-builder/build/sdcc-build/orig/sdcc/src/pic14/gen.c:2316:resultRemat *{*
                      00576 ;;; /home/sdcc-builder/build/sdcc-build/orig/sdcc/src/pic14/gen.c:2316:resultRemat *{*
                      00577 ;;; /home/sdcc-builder/build/sdcc-build/orig/sdcc/src/pic14/gen.c:6686:genPointerSet *{*
                      00578 ;; ***  genPointerSet  6687
                      00579 ;;; /home/sdcc-builder/build/sdcc-build/orig/sdcc/src/pic14/gen.c:6505:genNearPointerSet *{*
                      00580 ;; ***  genNearPointerSet  6506
                      00581 ;;      613
                      00582 ;;      aopForRemat 392
                      00583 ;;      418: rname _INTCONbits, val 0, const = 0
                      00584 ;; ***  genNearPointerSet  6521
                      00585 ;;      833: aopGet AOP_PCODE type PO_IMMEDIATE
                      00586 ;;      _INTCONbits
                      00587 ;;      line = 6523 result AOP_PCODE=_INTCONbits, size=2, left -=-, size=0, right AOP_LIT=0x00, size=1
                      00588 ;;; /home/sdcc-builder/build/sdcc-build/orig/sdcc/src/pic14/gen.c:6249:genPackBits *{*
                      00589 ;; ***  genPackBits  6250
                      00590 ;;      833: aopGet AOP_PCODE type PO_IMMEDIATE
                      00591 ;;      _INTCONbits
                      00592 ;; >>> /home/sdcc-builder/build/sdcc-build/orig/sdcc/src/pic14/gen.c:6275:genPackBits
                      00593         .line   20; "Timer.c"   TMR_CLEAR_FLAG;
0012   ???? ????      00594         BANKSEL _INTCONbits
0014   11??           00595         BCF     _INTCONbits,2
                      00596 ;;; /home/sdcc-builder/build/sdcc-build/orig/sdcc/src/pic14/gen.c:2316:resultRemat *{*
                      00597 ;;; /home/sdcc-builder/build/sdcc-build/orig/sdcc/src/pic14/gen.c:6927:genAssign *{*
                      00598 ;; ***  genAssign  6928
                      00599 ;; ***  aopForSym 315
                      00600 ;;      327 sym->rname = _TMR0, size = 1
                      00601 ;;      line = 6937 result AOP_DIR=_TMR0, size=1, left -=-, size=0, right AOP_LIT=0xd8, size=1
                      00602 ;; ***  genAssign  7023
                      00603 ;; >>> /home/sdcc-builder/build/sdcc-build/orig/sdcc/src/pic14/gen.c:7030:genAssign
                      00604         .line   21; "Timer.c"   TMR_UPDATE_REGISTER(TMR_TICK_MS);
0015   30D8           00605         MOVLW   0xd8
                      00606 ;; >>> /home/sdcc-builder/build/sdcc-build/orig/sdcc/src/pic14/gen.c:7032:genAssign
                      00607 ;;      1009
                      00608 ;;      1028  _TMR0   offset=0
0016   00??           00609         MOVWF   _TMR0
                      00610 ;;; /home/sdcc-builder/build/sdcc-build/orig/sdcc/src/pic14/gen.c:2316:resultRemat *{*
                      00611 ;;; /home/sdcc-builder/build/sdcc-build/orig/sdcc/src/pic14/gen.c:2316:resultRemat *{*
                      00612 ;;; /home/sdcc-builder/build/sdcc-build/orig/sdcc/src/pic14/gen.c:6686:genPointerSet *{*
                      00613 ;; ***  genPointerSet  6687
                      00614 ;;; /home/sdcc-builder/build/sdcc-build/orig/sdcc/src/pic14/gen.c:6505:genNearPointerSet *{*
                      00615 ;; ***  genNearPointerSet  6506
                      00616 ;;      613
                      00617 ;;      aopForRemat 392
                      00618 ;;      418: rname _INTCONbits, val 0, const = 0
                      00619 ;; ***  genNearPointerSet  6521
                      00620 ;;      833: aopGet AOP_PCODE type PO_IMMEDIATE
                      00621 ;;      _INTCONbits
                      00622 ;;      line = 6523 result AOP_PCODE=_INTCONbits, size=2, left -=-, size=0, right AOP_LIT=0x01, size=1
                      00623 ;;; /home/sdcc-builder/build/sdcc-build/orig/sdcc/src/pic14/gen.c:6249:genPackBits *{*
                      00624 ;; ***  genPackBits  6250
                      00625 ;;      833: aopGet AOP_PCODE type PO_IMMEDIATE
gpasm-1.4.0 #1106 (Oct  6 2014) obj\Debug\Tim   7-22-2019  15:28:48         PAGE 13


LOC    OBJECT CODE    LINE  SOURCE TEXT
  VALUE

                      00626 ;;      _INTCONbits
                      00627 ;; >>> /home/sdcc-builder/build/sdcc-build/orig/sdcc/src/pic14/gen.c:6275:genPackBits
                      00628         .line   22; "Timer.c"   TMR_ENABLE_INTERRUPT;
0017   16??           00629         BSF     _INTCONbits,5
                      00630 ;;; /home/sdcc-builder/build/sdcc-build/orig/sdcc/src/pic14/gen.c:2316:resultRemat *{*
                      00631 ;;; /home/sdcc-builder/build/sdcc-build/orig/sdcc/src/pic14/gen.c:2316:resultRemat *{*
                      00632 ;;; /home/sdcc-builder/build/sdcc-build/orig/sdcc/src/pic14/gen.c:6686:genPointerSet *{*
                      00633 ;; ***  genPointerSet  6687
                      00634 ;;; /home/sdcc-builder/build/sdcc-build/orig/sdcc/src/pic14/gen.c:6505:genNearPointerSet *{*
                      00635 ;; ***  genNearPointerSet  6506
                      00636 ;;      613
                      00637 ;;      aopForRemat 392
                      00638 ;;      418: rname _INTCONbits, val 0, const = 0
                      00639 ;; ***  genNearPointerSet  6521
                      00640 ;;      833: aopGet AOP_PCODE type PO_IMMEDIATE
                      00641 ;;      _INTCONbits
                      00642 ;;      line = 6523 result AOP_PCODE=_INTCONbits, size=2, left -=-, size=0, right AOP_LIT=0x01, size=1
                      00643 ;;; /home/sdcc-builder/build/sdcc-build/orig/sdcc/src/pic14/gen.c:6249:genPackBits *{*
                      00644 ;; ***  genPackBits  6250
                      00645 ;;      833: aopGet AOP_PCODE type PO_IMMEDIATE
                      00646 ;;      _INTCONbits
                      00647 ;; >>> /home/sdcc-builder/build/sdcc-build/orig/sdcc/src/pic14/gen.c:6275:genPackBits
                      00648         .line   23; "Timer.c"   GLOBAL_INTERRUPT_ENABLE;
0018   17??           00649         BSF     _INTCONbits,7
                      00650 ;;; /home/sdcc-builder/build/sdcc-build/orig/sdcc/src/pic14/gen.c:2316:resultRemat *{*
                      00651 ;;; /home/sdcc-builder/build/sdcc-build/orig/sdcc/src/pic14/gen.c:2316:resultRemat *{*
                      00652 ;;; /home/sdcc-builder/build/sdcc-build/orig/sdcc/src/pic14/gen.c:6686:genPointerSet *{*
                      00653 ;; ***  genPointerSet  6687
                      00654 ;;; /home/sdcc-builder/build/sdcc-build/orig/sdcc/src/pic14/gen.c:6505:genNearPointerSet *{*
                      00655 ;; ***  genNearPointerSet  6506
                      00656 ;;      613
                      00657 ;;      aopForRemat 392
                      00658 ;;      418: rname _OPTION_REGbits, val 0, const = 0
                      00659 ;; ***  genNearPointerSet  6521
                      00660 ;;      833: aopGet AOP_PCODE type PO_IMMEDIATE
                      00661 ;;      _OPTION_REGbits
                      00662 ;;      line = 6523 result AOP_PCODE=_OPTION_REGbits, size=2, left -=-, size=0, right AOP_LIT=0x00, size
                            =1
                      00663 ;;; /home/sdcc-builder/build/sdcc-build/orig/sdcc/src/pic14/gen.c:6249:genPackBits *{*
                      00664 ;; ***  genPackBits  6250
                      00665 ;;      833: aopGet AOP_PCODE type PO_IMMEDIATE
                      00666 ;;      _OPTION_REGbits
                      00667 ;; >>> /home/sdcc-builder/build/sdcc-build/orig/sdcc/src/pic14/gen.c:6275:genPackBits
                      00668         .line   24; "Timer.c"   TMR_ENABLE_CLOCK;
0019   ???? ????      00669         BANKSEL _OPTION_REGbits
001B   12??           00670         BCF     _OPTION_REGbits,5
                      00671 ;;; /home/sdcc-builder/build/sdcc-build/orig/sdcc/src/pic14/gen.c:2316:resultRemat *{*
                      00672 ;;; /home/sdcc-builder/build/sdcc-build/orig/sdcc/src/pic14/gen.c:2760:genLabel *{*
                      00673 ;; ***  genLabel  2763
                      00674 ;;; /home/sdcc-builder/build/sdcc-build/orig/sdcc/src/pic14/gen.c:2316:resultRemat *{*
                      00675 ;;; /home/sdcc-builder/build/sdcc-build/orig/sdcc/src/pic14/gen.c:2528:genEndFunction *{*
                      00676 ;; ***  genEndFunction  2530
001C   0008           00677         RETURN  
gpasm-1.4.0 #1106 (Oct  6 2014) obj\Debug\Tim   7-22-2019  15:28:48         PAGE 14


LOC    OBJECT CODE    LINE  SOURCE TEXT
  VALUE

                      00678 ; exit point of _TMR_Start
                      00679 ;;; /home/sdcc-builder/build/sdcc-build/orig/sdcc/src/pic14/gen.c:7426:genpic14Code *{*
                      00680 
                      00681 ;***
                      00682 ;  pBlock Stats: dbName = C
                      00683 ;***
                      00684 ;entry:  _TMR_Init      ;Function start
                      00685 ; 2 exit points
                      00686 ;has an exit
                      00687 ;; Starting pCode block
                      00688 ;;; /home/sdcc-builder/build/sdcc-build/orig/sdcc/src/pic14/gen.c:2316:resultRemat *{*
                      00689 ;;; /home/sdcc-builder/build/sdcc-build/orig/sdcc/src/pic14/gen.c:2760:genLabel *{*
                      00690 ;; ***  genLabel  2763
                      00691 ;;; /home/sdcc-builder/build/sdcc-build/orig/sdcc/src/pic14/gen.c:2316:resultRemat *{*
                      00692 ;;; /home/sdcc-builder/build/sdcc-build/orig/sdcc/src/pic14/gen.c:2340:genFunction *{*
                      00693 ;; ***  genFunction  2342 curr label offset=0previous max_key=0 
001D                  00694 _TMR_Init       ;Function start
                      00695 ; 2 exit points
                      00696 ;;; /home/sdcc-builder/build/sdcc-build/orig/sdcc/src/pic14/gen.c:2316:resultRemat *{*
                      00697 ;;; /home/sdcc-builder/build/sdcc-build/orig/sdcc/src/pic14/gen.c:2316:resultRemat *{*
                      00698 ;;; /home/sdcc-builder/build/sdcc-build/orig/sdcc/src/pic14/gen.c:6686:genPointerSet *{*
                      00699 ;; ***  genPointerSet  6687
                      00700 ;;; /home/sdcc-builder/build/sdcc-build/orig/sdcc/src/pic14/gen.c:6505:genNearPointerSet *{*
                      00701 ;; ***  genNearPointerSet  6506
                      00702 ;;      613
                      00703 ;;      aopForRemat 392
                      00704 ;;      418: rname _OPTION_REGbits, val 0, const = 0
                      00705 ;; ***  genNearPointerSet  6521
                      00706 ;;      833: aopGet AOP_PCODE type PO_IMMEDIATE
                      00707 ;;      _OPTION_REGbits
                      00708 ;;      line = 6523 result AOP_PCODE=_OPTION_REGbits, size=2, left -=-, size=0, right AOP_LIT=0x01, size
                            =1
                      00709 ;;; /home/sdcc-builder/build/sdcc-build/orig/sdcc/src/pic14/gen.c:6249:genPackBits *{*
                      00710 ;; ***  genPackBits  6250
                      00711 ;;      833: aopGet AOP_PCODE type PO_IMMEDIATE
                      00712 ;;      _OPTION_REGbits
                      00713 ;; >>> /home/sdcc-builder/build/sdcc-build/orig/sdcc/src/pic14/gen.c:6275:genPackBits
                      00714         .line   13; "Timer.c"   TMR_SET_PRESCALER_256;
001D   ???? ????      00715         BANKSEL _OPTION_REGbits
001F   15??           00716         BSF     _OPTION_REGbits,2
                      00717 ;;; /home/sdcc-builder/build/sdcc-build/orig/sdcc/src/pic14/gen.c:2316:resultRemat *{*
                      00718 ;;; /home/sdcc-builder/build/sdcc-build/orig/sdcc/src/pic14/gen.c:2316:resultRemat *{*
                      00719 ;;; /home/sdcc-builder/build/sdcc-build/orig/sdcc/src/pic14/gen.c:6686:genPointerSet *{*
                      00720 ;; ***  genPointerSet  6687
                      00721 ;;; /home/sdcc-builder/build/sdcc-build/orig/sdcc/src/pic14/gen.c:6505:genNearPointerSet *{*
                      00722 ;; ***  genNearPointerSet  6506
                      00723 ;;      613
                      00724 ;;      aopForRemat 392
                      00725 ;;      418: rname _OPTION_REGbits, val 0, const = 0
                      00726 ;; ***  genNearPointerSet  6521
                      00727 ;;      833: aopGet AOP_PCODE type PO_IMMEDIATE
                      00728 ;;      _OPTION_REGbits
                      00729 ;;      line = 6523 result AOP_PCODE=_OPTION_REGbits, size=2, left -=-, size=0, right AOP_LIT=0x01, size
gpasm-1.4.0 #1106 (Oct  6 2014) obj\Debug\Tim   7-22-2019  15:28:48         PAGE 15


LOC    OBJECT CODE    LINE  SOURCE TEXT
  VALUE

                            =1
                      00730 ;;; /home/sdcc-builder/build/sdcc-build/orig/sdcc/src/pic14/gen.c:6249:genPackBits *{*
                      00731 ;; ***  genPackBits  6250
                      00732 ;;      833: aopGet AOP_PCODE type PO_IMMEDIATE
                      00733 ;;      _OPTION_REGbits
                      00734 ;; >>> /home/sdcc-builder/build/sdcc-build/orig/sdcc/src/pic14/gen.c:6275:genPackBits
0020   14??           00735         BSF     _OPTION_REGbits,1
                      00736 ;;; /home/sdcc-builder/build/sdcc-build/orig/sdcc/src/pic14/gen.c:2316:resultRemat *{*
                      00737 ;;; /home/sdcc-builder/build/sdcc-build/orig/sdcc/src/pic14/gen.c:2316:resultRemat *{*
                      00738 ;;; /home/sdcc-builder/build/sdcc-build/orig/sdcc/src/pic14/gen.c:6686:genPointerSet *{*
                      00739 ;; ***  genPointerSet  6687
                      00740 ;;; /home/sdcc-builder/build/sdcc-build/orig/sdcc/src/pic14/gen.c:6505:genNearPointerSet *{*
                      00741 ;; ***  genNearPointerSet  6506
                      00742 ;;      613
                      00743 ;;      aopForRemat 392
                      00744 ;;      418: rname _OPTION_REGbits, val 0, const = 0
                      00745 ;; ***  genNearPointerSet  6521
                      00746 ;;      833: aopGet AOP_PCODE type PO_IMMEDIATE
                      00747 ;;      _OPTION_REGbits
                      00748 ;;      line = 6523 result AOP_PCODE=_OPTION_REGbits, size=2, left -=-, size=0, right AOP_LIT=0x01, size
                            =1
                      00749 ;;; /home/sdcc-builder/build/sdcc-build/orig/sdcc/src/pic14/gen.c:6249:genPackBits *{*
                      00750 ;; ***  genPackBits  6250
                      00751 ;;      833: aopGet AOP_PCODE type PO_IMMEDIATE
                      00752 ;;      _OPTION_REGbits
                      00753 ;; >>> /home/sdcc-builder/build/sdcc-build/orig/sdcc/src/pic14/gen.c:6275:genPackBits
0021   14??           00754         BSF     _OPTION_REGbits,0
                      00755 ;;; /home/sdcc-builder/build/sdcc-build/orig/sdcc/src/pic14/gen.c:2316:resultRemat *{*
                      00756 ;;; /home/sdcc-builder/build/sdcc-build/orig/sdcc/src/pic14/gen.c:2316:resultRemat *{*
                      00757 ;;; /home/sdcc-builder/build/sdcc-build/orig/sdcc/src/pic14/gen.c:6686:genPointerSet *{*
                      00758 ;; ***  genPointerSet  6687
                      00759 ;;; /home/sdcc-builder/build/sdcc-build/orig/sdcc/src/pic14/gen.c:6505:genNearPointerSet *{*
                      00760 ;; ***  genNearPointerSet  6506
                      00761 ;;      613
                      00762 ;;      aopForRemat 392
                      00763 ;;      418: rname _OPTION_REGbits, val 0, const = 0
                      00764 ;; ***  genNearPointerSet  6521
                      00765 ;;      833: aopGet AOP_PCODE type PO_IMMEDIATE
                      00766 ;;      _OPTION_REGbits
                      00767 ;;      line = 6523 result AOP_PCODE=_OPTION_REGbits, size=2, left -=-, size=0, right AOP_LIT=0x00, size
                            =1
                      00768 ;;; /home/sdcc-builder/build/sdcc-build/orig/sdcc/src/pic14/gen.c:6249:genPackBits *{*
                      00769 ;; ***  genPackBits  6250
                      00770 ;;      833: aopGet AOP_PCODE type PO_IMMEDIATE
                      00771 ;;      _OPTION_REGbits
                      00772 ;; >>> /home/sdcc-builder/build/sdcc-build/orig/sdcc/src/pic14/gen.c:6275:genPackBits
0022   11??           00773         BCF     _OPTION_REGbits,3
                      00774 ;;; /home/sdcc-builder/build/sdcc-build/orig/sdcc/src/pic14/gen.c:2316:resultRemat *{*
                      00775 ;;; /home/sdcc-builder/build/sdcc-build/orig/sdcc/src/pic14/gen.c:2316:resultRemat *{*
                      00776 ;;; /home/sdcc-builder/build/sdcc-build/orig/sdcc/src/pic14/gen.c:6686:genPointerSet *{*
                      00777 ;; ***  genPointerSet  6687
                      00778 ;;; /home/sdcc-builder/build/sdcc-build/orig/sdcc/src/pic14/gen.c:6505:genNearPointerSet *{*
                      00779 ;; ***  genNearPointerSet  6506
gpasm-1.4.0 #1106 (Oct  6 2014) obj\Debug\Tim   7-22-2019  15:28:48         PAGE 16


LOC    OBJECT CODE    LINE  SOURCE TEXT
  VALUE

                      00780 ;;      613
                      00781 ;;      aopForRemat 392
                      00782 ;;      418: rname _OPTION_REGbits, val 0, const = 0
                      00783 ;; ***  genNearPointerSet  6521
                      00784 ;;      833: aopGet AOP_PCODE type PO_IMMEDIATE
                      00785 ;;      _OPTION_REGbits
                      00786 ;;      line = 6523 result AOP_PCODE=_OPTION_REGbits, size=2, left -=-, size=0, right AOP_LIT=0x01, size
                            =1
                      00787 ;;; /home/sdcc-builder/build/sdcc-build/orig/sdcc/src/pic14/gen.c:6249:genPackBits *{*
                      00788 ;; ***  genPackBits  6250
                      00789 ;;      833: aopGet AOP_PCODE type PO_IMMEDIATE
                      00790 ;;      _OPTION_REGbits
                      00791 ;; >>> /home/sdcc-builder/build/sdcc-build/orig/sdcc/src/pic14/gen.c:6275:genPackBits
                      00792         .line   14; "Timer.c"   TMR_DISABLE_CLOCK;
0023   16??           00793         BSF     _OPTION_REGbits,5
                      00794 ;;; /home/sdcc-builder/build/sdcc-build/orig/sdcc/src/pic14/gen.c:2316:resultRemat *{*
                      00795 ;;; /home/sdcc-builder/build/sdcc-build/orig/sdcc/src/pic14/gen.c:2760:genLabel *{*
                      00796 ;; ***  genLabel  2763
                      00797 ;;; /home/sdcc-builder/build/sdcc-build/orig/sdcc/src/pic14/gen.c:2316:resultRemat *{*
                      00798 ;;; /home/sdcc-builder/build/sdcc-build/orig/sdcc/src/pic14/gen.c:2528:genEndFunction *{*
                      00799 ;; ***  genEndFunction  2530
0024   0008           00800         RETURN  
                      00801 ; exit point of _TMR_Init
                      00802 ;;; /home/sdcc-builder/build/sdcc-build/orig/sdcc/src/pic14/gen.c:7426:genpic14Code *{*
                      00803 
                      00804 
                      00805 ;       code size estimation:
                      00806 ;          64+   26 =    90 instructions (  232 byte)
                      00807 
                      00808         end
gpasm-1.4.0 #1106 (Oct  6 2014) obj\Debug\Tim   7-22-2019  15:28:48         PAGE 17


SYMBOL TABLE
  LABEL                             VALUE

ACKDT                             00000005
ACKEN                             00000004
ACKSTAT                           00000006
ADCON0                            0000001F
ADCON1                            0000009F
ADCS0                             00000006
ADCS1                             00000007
ADCS2                             00000006
ADDEN                             00000003
ADFM                              00000007
ADIE                              00000006
ADIF                              00000006
ADON                              00000000
ADRESH                            0000001E
ADRESL                            0000009E
BCLIE                             00000003
BCLIF                             00000003
BF                                00000000
BRGH                              00000002
C                                 00000000
C1INV                             00000004
C1OUT                             00000006
C2INV                             00000005
C2OUT                             00000007
CCP1CON                           00000017
CCP1IE                            00000002
CCP1IF                            00000002
CCP1M0                            00000000
CCP1M1                            00000001
CCP1M2                            00000002
CCP1M3                            00000003
CCP1X                             00000005
CCP1Y                             00000004
CCP2CON                           0000001D
CCP2IE                            00000000
CCP2IF                            00000000
CCP2M0                            00000000
CCP2M1                            00000001
CCP2M2                            00000002
CCP2M3                            00000003
CCP2X                             00000005
CCP2Y                             00000004
CCPR1                             00000015
CCPR1H                            00000016
CCPR1L                            00000015
CCPR2                             0000001B
CCPR2H                            0000001C
CCPR2L                            0000001B
CHS0                              00000003
CHS1                              00000004
CHS2                              00000005
CIS                               00000003
CKE                               00000006
gpasm-1.4.0 #1106 (Oct  6 2014) obj\Debug\Tim   7-22-2019  15:28:48         PAGE 18


SYMBOL TABLE
  LABEL                             VALUE 

CKP                               00000004
CM0                               00000000
CM1                               00000001
CM2                               00000002
CMCON                             0000009C
CMIE                              00000006
CMIF                              00000006
CREN                              00000004
CSRC                              00000007
CVR0                              00000000
CVR1                              00000001
CVR2                              00000002
CVR3                              00000003
CVRCON                            0000009D
CVREN                             00000007
CVROE                             00000006
CVRR                              00000005
D                                 00000005
DATA_ADDRESS                      00000005
DC                                00000001
D_A                               00000005
D_NOT_A                           00000005
EEADR                             0000010D
EEADRH                            0000010F
EECON1                            0000018C
EECON2                            0000018D
EEDATA                            0000010C
EEDATH                            0000010E
EEIE                              00000004
EEIF                              00000004
EEPGD                             00000007
END_OF_INTERRUPT                  00000052
F                                 00000001
FERR                              00000002
FSR                               00000004
GCEN                              00000007
GIE                               00000007
GO                                00000002
GO_DONE                           00000002
GO_NOT_DONE                       00000002
I2C_DATA                          00000005
I2C_READ                          00000002
I2C_START                         00000003
I2C_STOP                          00000004
IBF                               00000007
IBOV                              00000005
INDF                              00000000
INTCON                            0000000B
INTE                              00000004
INTEDG                            00000006
INTF                              00000001
IRP                               00000007
NOT_A                             00000005
gpasm-1.4.0 #1106 (Oct  6 2014) obj\Debug\Tim   7-22-2019  15:28:48         PAGE 19


SYMBOL TABLE
  LABEL                             VALUE 

NOT_ADDRESS                       00000005
NOT_BO                            00000000
NOT_BOR                           00000000
NOT_DONE                          00000002
NOT_PD                            00000003
NOT_POR                           00000001
NOT_RBPU                          00000007
NOT_RC8                           00000006
NOT_T1SYNC                        00000002
NOT_TO                            00000004
NOT_TX8                           00000006
NOT_W                             00000002
NOT_WRITE                         00000002
OBF                               00000006
OERR                              00000001
OPTION_REG                        00000081
P                                 00000004
PCFG0                             00000000
PCFG1                             00000001
PCFG2                             00000002
PCFG3                             00000003
PCL                               00000002
PCLATH                            0000000A
PCON                              0000008E
PEIE                              00000006
PEN                               00000002
PIE1                              0000008C
PIE2                              0000008D
PIR1                              0000000C
PIR2                              0000000D
PORTA                             00000005
PORTB                             00000006
PORTC                             00000007
PORTD                             00000008
PORTE                             00000009
PR2                               00000092
PS0                               00000000
PS1                               00000001
PS2                               00000002
PSA                               00000003
PSAVE                             00000000
PSPIE                             00000007
PSPIF                             00000007
PSPMODE                           00000004
R                                 00000002
RA0                               00000000
RA1                               00000001
RA2                               00000002
RA3                               00000003
RA4                               00000004
RA5                               00000005
RB0                               00000000
RB1                               00000001
gpasm-1.4.0 #1106 (Oct  6 2014) obj\Debug\Tim   7-22-2019  15:28:48         PAGE 20


SYMBOL TABLE
  LABEL                             VALUE 

RB2                               00000002
RB3                               00000003
RB4                               00000004
RB5                               00000005
RB6                               00000006
RB7                               00000007
RBIE                              00000003
RBIF                              00000000
RC0                               00000000
RC1                               00000001
RC2                               00000002
RC3                               00000003
RC4                               00000004
RC5                               00000005
RC6                               00000006
RC7                               00000007
RC8_9                             00000006
RC9                               00000006
RCD8                              00000000
RCEN                              00000003
RCIE                              00000005
RCIF                              00000005
RCREG                             0000001A
RCSTA                             00000018
RD                                00000000
RD0                               00000000
RD1                               00000001
RD2                               00000002
RD3                               00000003
RD4                               00000004
RD5                               00000005
RD6                               00000006
RD7                               00000007
RE0                               00000000
RE1                               00000001
RE2                               00000002
READ_WRITE                        00000002
RP0                               00000005
RP1                               00000006
RSEN                              00000001
RX9                               00000006
RX9D                              00000000
R_NOT_W                           00000002
R_W                               00000002
S                                 00000003
SEN                               00000000
SMP                               00000007
SPBRG                             00000099
SPEN                              00000007
SREN                              00000005
SSAVE                             00000000
SSPADD                            00000093
SSPBUF                            00000013
gpasm-1.4.0 #1106 (Oct  6 2014) obj\Debug\Tim   7-22-2019  15:28:48         PAGE 21


SYMBOL TABLE
  LABEL                             VALUE 

SSPCON                            00000014
SSPCON2                           00000091
SSPEN                             00000005
SSPIE                             00000003
SSPIF                             00000003
SSPM0                             00000000
SSPM1                             00000001
SSPM2                             00000002
SSPM3                             00000003
SSPOV                             00000006
SSPSTAT                           00000094
STATUS                            00000003
STK00                             00000000
STK01                             00000000
STK02                             00000000
STK03                             00000000
STK04                             00000000
STK05                             00000000
STK06                             00000000
STK07                             00000000
STK08                             00000000
STK09                             00000000
STK10                             00000000
STK11                             00000000
STK12                             00000000
SYNC                              00000004
T0CS                              00000005
T0IE                              00000005
T0IF                              00000002
T0SE                              00000004
T1CKPS0                           00000004
T1CKPS1                           00000005
T1CON                             00000010
T1INSYNC                          00000002
T1OSCEN                           00000003
T1SYNC                            00000002
T2CKPS0                           00000000
T2CKPS1                           00000001
T2CON                             00000012
TMR0                              00000001
TMR0IE                            00000005
TMR0IF                            00000002
TMR1                              0000000E
TMR1CS                            00000001
TMR1H                             0000000F
TMR1IE                            00000000
TMR1IF                            00000000
TMR1L                             0000000E
TMR1ON                            00000000
TMR2                              00000011
TMR2IE                            00000001
TMR2IF                            00000001
TMR2ON                            00000002
gpasm-1.4.0 #1106 (Oct  6 2014) obj\Debug\Tim   7-22-2019  15:28:48         PAGE 22


SYMBOL TABLE
  LABEL                             VALUE 

TOUTPS0                           00000003
TOUTPS1                           00000004
TOUTPS2                           00000005
TOUTPS3                           00000006
TRISA                             00000085
TRISA0                            00000000
TRISA1                            00000001
TRISA2                            00000002
TRISA3                            00000003
TRISA4                            00000004
TRISA5                            00000005
TRISB                             00000086
TRISB0                            00000000
TRISB1                            00000001
TRISB2                            00000002
TRISB3                            00000003
TRISB4                            00000004
TRISB5                            00000005
TRISB6                            00000006
TRISB7                            00000007
TRISC                             00000087
TRISC0                            00000000
TRISC1                            00000001
TRISC2                            00000002
TRISC3                            00000003
TRISC4                            00000004
TRISC5                            00000005
TRISC6                            00000006
TRISC7                            00000007
TRISD                             00000088
TRISD0                            00000000
TRISD1                            00000001
TRISD2                            00000002
TRISD3                            00000003
TRISD4                            00000004
TRISD5                            00000005
TRISD6                            00000006
TRISD7                            00000007
TRISE                             00000089
TRISE0                            00000000
TRISE1                            00000001
TRISE2                            00000002
TRMT                              00000001
TX8_9                             00000006
TX9                               00000006
TX9D                              00000000
TXD8                              00000000
TXEN                              00000005
TXIE                              00000004
TXIF                              00000004
TXREG                             00000019
TXSTA                             00000098
UA                                00000001
gpasm-1.4.0 #1106 (Oct  6 2014) obj\Debug\Tim   7-22-2019  15:28:48         PAGE 23


SYMBOL TABLE
  LABEL                             VALUE 

W                                 00000000
WCOL                              00000007
WR                                00000001
WREN                              00000002
WRERR                             00000003
WSAVE                             00000000
Z                                 00000002
_00001_DS_                        0000000E
_00002_DS_                        0000001E
_00003_DS_                        0000002C
_00004_DS_                        00000031
_ADCON0                           00000000
_ADCON0bits                       00000000
_ADCON1                           00000000
_ADCON1bits                       00000000
_ADRESH                           00000000
_ADRESL                           00000000
_BODEN_OFF                        00003FBF
_BODEN_ON                         00003FFF
_BOREN_OFF                        00003FBF
_BOREN_ON                         00003FFF
_CCP1CON                          00000000
_CCP1CONbits                      00000000
_CCP2CON                          00000000
_CCP2CONbits                      00000000
_CCPR1                            00000000
_CCPR1H                           00000000
_CCPR1L                           00000000
_CCPR2                            00000000
_CCPR2H                           00000000
_CCPR2L                           00000000
_CMCON                            00000000
_CMCONbits                        00000000
_CONFIG                           00002007
_CPD_OFF                          00003FFF
_CPD_ON                           00003EFF
_CP_ALL                           00001FFF
_CP_OFF                           00003FFF
_CP_ON                            00001FFF
_CVRCON                           00000000
_CVRCONbits                       00000000
_DEBUG_OFF                        00003FFF
_DEBUG_ON                         000037FF
_DEVID1                           00002006
_DISP_Init                        00000000
_DISP_Update                      00000000
_EEADR                            00000000
_EEADRH                           00000000
_EECON1                           00000000
_EECON1bits                       00000000
_EECON2                           00000000
_EEDATA                           00000000
_EEDATH                           00000000
gpasm-1.4.0 #1106 (Oct  6 2014) obj\Debug\Tim   7-22-2019  15:28:48         PAGE 24


SYMBOL TABLE
  LABEL                             VALUE 

_FOSC_EXTRC                       00003FFF
_FOSC_HS                          00003FFE
_FOSC_LP                          00003FFC
_FOSC_XT                          00003FFD
_FSR                              00000000
_HS_OSC                           00003FFE
_IDLOC0                           00002000
_IDLOC1                           00002001
_IDLOC2                           00002002
_IDLOC3                           00002003
_INDF                             00000000
_INTCON                           00000000
_INTCONbits                       00000000
_LP_OSC                           00003FFC
_LVP_OFF                          00003F7F
_LVP_ON                           00003FFF
_OPTION_REG                       00000000
_OPTION_REGbits                   00000000
_PCL                              00000000
_PCLATH                           00000000
_PCON                             00000000
_PCONbits                         00000000
_PIE1                             00000000
_PIE1bits                         00000000
_PIE2                             00000000
_PIE2bits                         00000000
_PIR1                             00000000
_PIR1bits                         00000000
_PIR2                             00000000
_PIR2bits                         00000000
_PORTA                            00000000
_PORTAbits                        00000000
_PORTB                            00000000
_PORTBbits                        00000000
_PORTC                            00000000
_PORTCbits                        00000000
_PORTD                            00000000
_PORTDbits                        00000000
_PORTE                            00000000
_PORTEbits                        00000000
_PR2                              00000000
_PWRTE_OFF                        00003FFF
_PWRTE_ON                         00003FF7
_RCREG                            00000000
_RCSTA                            00000000
_RCSTAbits                        00000000
_RC_OSC                           00003FFF
_SPBRG                            00000000
_SSD_GetState                     00000000
_SSD_GetValue                     00000000
_SSD_Init                         00000000
_SSD_SetDotState                  00000000
_SSD_SetState                     00000000
gpasm-1.4.0 #1106 (Oct  6 2014) obj\Debug\Tim   7-22-2019  15:28:48         PAGE 25


SYMBOL TABLE
  LABEL                             VALUE 

_SSD_SetValue                     00000000
_SSD_Update                       00000000
_SSPADD                           00000000
_SSPBUF                           00000000
_SSPCON                           00000000
_SSPCON2                          00000000
_SSPCON2bits                      00000000
_SSPCONbits                       00000000
_SSPSTAT                          00000000
_SSPSTATbits                      00000000
_STATUS                           00000000
_STATUSbits                       00000000
_SW_GetState                      00000000
_SW_Init                          00000000
_SW_Update                        00000000
_T1CON                            00000000
_T1CONbits                        00000000
_T2CON                            00000000
_T2CONbits                        00000000
_TIM_CompareTime                  00000000
_TIM_CopyTime                     00000000
_TIM_GetState                     00000000
_TIM_GetTime                      00000000
_TIM_Init                         00000000
_TIM_Update                       00000000
_TMR0                             00000000
_TMR1                             00000000
_TMR1H                            00000000
_TMR1L                            00000000
_TMR2                             00000000
_TMR_CheckOverFlow                00000004
_TMR_Init                         0000001D
_TMR_Start                        00000012
_TMR_Stop                         00000000
_TMR_Update                       00000004
_TRISA                            00000000
_TRISAbits                        00000000
_TRISB                            00000000
_TRISBbits                        00000000
_TRISC                            00000000
_TRISCbits                        00000000
_TRISD                            00000000
_TRISDbits                        00000000
_TRISE                            00000000
_TRISEbits                        00000000
_TXREG                            00000000
_TXSTA                            00000000
_TXSTAbits                        00000000
_WDTE_OFF                         00003FFB
_WDTE_ON                          00003FFF
_WDT_OFF                          00003FFB
_WDT_ON                           00003FFF
_WRT_1FOURTH                      00003BFF
gpasm-1.4.0 #1106 (Oct  6 2014) obj\Debug\Tim   7-22-2019  15:28:48         PAGE 26


SYMBOL TABLE
  LABEL                             VALUE 

_WRT_256                          00003DFF
_WRT_HALF                         000039FF
_WRT_OFF                          00003FFF
_XT_OSC                           00003FFD
__16F877A                         00000001
__CODE_END                        00001FFF
__CODE_START                      00000000
__COMMON_RAM_END                  0000007F
__COMMON_RAM_START                00000070
__EEPROM_END                      000021FF
__EEPROM_START                    00002100
__VECTOR_INT                      00000004
__VECTOR_RESET                    00000000
___sdcc_saved_fsr                 00000000
__sdcc_interrupt                  00000004
_c_interrupt_0034                 00000034
_c_interrupt_0039                 00000039
_c_interrupt_003E                 0000003E
_c_interrupt_0043                 00000043
_flag                             00000000
r0x1001                           00000000
r0x1002                           00000001
r0x1003                           00000002

Errors   :     0
Warnings :     0 reported,     0 suppressed
Messages :     0 reported,     0 suppressed

